<?xml version="1.0" encoding="UTF-8"?>
<!-- Generated by org.testng.reporters.JUnitReportReporter -->
<testsuite hostname="NDA-DL-MKHAN" failures="0" tests="2" name="testcases.FlightSearchTest" time="46.761" errors="0" timestamp="04 Jul 2021 15:23:52 GMT" skipped="0">
  <testcase classname="testcases.FlightSearchTest" name="searchFlight" time="22.579"/>
  <testcase classname="testcases.FlightSearchTest" name="searchFlight" time="24.182"/>
</testsuite> <!-- testcases.FlightSearchTest -->
