<?xml version="1.0" encoding="UTF-8"?>
<!-- Generated by org.testng.reporters.JUnitReportReporter -->
<testsuite hostname="NDA-DL-MKHAN" failures="0" tests="1" name="testcases.HotelSearch" time="27.437" errors="0" timestamp="20 Jun 2021 15:12:14 GMT" skipped="0">
  <testcase classname="testcases.HotelSearch" name="searchHotel" time="27.437"/>
</testsuite> <!-- testcases.HotelSearch -->
