<?xml version="1.0" encoding="UTF-8"?>
<!-- Generated by org.testng.reporters.JUnitReportReporter -->
<testsuite hostname="NDA-DL-MKHAN" failures="0" tests="1" name="testcases.HotelSearchTest" time="16.835" errors="0" timestamp="27 Jun 2021 16:29:29 GMT" skipped="0">
  <testcase classname="testcases.HotelSearchTest" name="searchHotel" time="16.835"/>
</testsuite> <!-- testcases.HotelSearchTest -->
