<?xml version="1.0" encoding="UTF-8"?>
<!-- Generated by org.testng.reporters.JUnitReportReporter -->
<testsuite skipped="0" hostname="NDA-DL-MKHAN" name="testcases.HotelSearchTest" tests="1" failures="0" timestamp="27 Jun 2021 14:54:56 GMT" time="17.959" errors="0">
  <testcase name="searchHotel" time="17.959" classname="testcases.HotelSearchTest"/>
</testsuite> <!-- testcases.HotelSearchTest -->
